{"level":30,"time":1757185480400,"pid":4124644,"hostname":"vm-065c2a","msg":"๐ SPOT ะพัะดะตัะฐ ัะฐะทะผะตัะตะฝั: BUY 4278.605 | SELL 4279.105 | ะกะฟัะตะด: 0.50"}
{"level":30,"time":1757185483012,"pid":4124644,"hostname":"vm-065c2a","msg":"๐ฐ SPOT ะธัะฟะพะปะฝะตะฝะธะต: BUY 0.0008593355013394038 ETH ะฟะพ 4278.605 | ะะพะทะธัะธั: 0.000859 ETH"}
{"level":30,"time":1757185483421,"pid":4124644,"hostname":"vm-065c2a","msg":"๐ฏ SPOT ะฟะพะทะธัะธั ะทะฐะบัััะฐ: SELL 0.0008593355013394038 ETH | PnL: -0.0001 USDC"}
{"level":30,"time":1757185487925,"pid":4124644,"hostname":"vm-065c2a","msg":"๐ SPOT ะพัะดะตัะฐ ัะฐะทะผะตัะตะฝั: BUY 4277.25 | SELL 4277.75 | ะกะฟัะตะด: 0.50"}
{"level":30,"time":1757185492946,"pid":4124644,"hostname":"vm-065c2a","msg":"๐ SPOT ะพัะดะตัะฐ ัะฐะทะผะตัะตะฝั: BUY 4277.25 | SELL 4277.75 | ะกะฟัะตะด: 0.50"}
{"level":30,"time":1757185495565,"pid":4124644,"hostname":"vm-065c2a","msg":"๐ฐ SPOT ะธัะฟะพะปะฝะตะฝะธะต: SELL 0.0009908347621828838 ETH ะฟะพ 4277.75 | ะะพะทะธัะธั: 0.000000 ETH"}
{"level":30,"time":1757185495637,"pid":4124644,"hostname":"vm-065c2a","msg":"๐ฐ SPOT ะธัะฟะพะปะฝะตะฝะธะต: SELL 0.0007778039431505764 ETH ะฟะพ 4277.75 | ะะพะทะธัะธั: 0.000000 ETH"}
{"level":30,"time":1757185500328,"pid":4124644,"hostname":"vm-065c2a","msg":"๐ SPOT ะพัะดะตัะฐ ัะฐะทะผะตัะตะฝั: BUY 4277.915 | SELL 4278.415 | ะกะฟัะตะด: 0.50"}
{"level":30,"time":1757185502945,"pid":4124644,"hostname":"vm-065c2a","msg":"๐ฐ SPOT ะธัะฟะพะปะฝะตะฝะธะต: BUY 0.000824207950511035 ETH ะฟะพ 4277.915 | ะะพะทะธัะธั: 0.000824 ETH"}
{"level":30,"time":1757185591456,"pid":4125701,"hostname":"vm-065c2a","msg":"๐ SPOT ะพัะดะตัะฐ ัะฐะทะผะตัะตะฝั: BUY 4278.09 | SELL 4278.59 | ะกะฟัะตะด: 0.50"}
{"level":30,"time":1757185607242,"pid":4125701,"hostname":"vm-065c2a","msg":"๐ SPOT ะพัะดะตัะฐ ัะฐะทะผะตัะตะฝั: BUY 4278.35 | SELL 4278.85 | ะกะฟัะตะด: 0.50"}
{"level":30,"time":1757185619116,"pid":4125701,"hostname":"vm-065c2a","msg":"๐ SPOT ะพัะดะตัะฐ ัะฐะทะผะตัะตะฝั: BUY 4279 | SELL 4279.5 | ะกะฟัะตะด: 0.50"}
{"level":30,"time":1757185623232,"pid":4125701,"hostname":"vm-065c2a","msg":"๐ SPOT ะพัะดะตัะฐ ัะฐะทะผะตัะตะฝั: BUY 4279 | SELL 4279.5 | ะกะฟัะตะด: 0.50"}
{"level":30,"time":1757185627324,"pid":4125701,"hostname":"vm-065c2a","msg":"๐ SPOT ะพัะดะตัะฐ ัะฐะทะผะตัะตะฝั: BUY 4279 | SELL 4279.5 | ะกะฟัะตะด: 0.50"}
{"level":30,"time":1757185631442,"pid":4125701,"hostname":"vm-065c2a","msg":"๐ SPOT ะพัะดะตัะฐ ัะฐะทะผะตัะตะฝั: BUY 4279 | SELL 4279.5 | ะกะฟัะตะด: 0.50"}
{"level":30,"time":1757185635541,"pid":4125701,"hostname":"vm-065c2a","msg":"๐ SPOT ะพัะดะตัะฐ ัะฐะทะผะตัะตะฝั: BUY 4279 | SELL 4279.5 | ะกะฟัะตะด: 0.50"}
{"level":30,"time":1757185639631,"pid":4125701,"hostname":"vm-065c2a","msg":"๐ SPOT ะพัะดะตัะฐ ัะฐะทะผะตัะตะฝั: BUY 4279 | SELL 4279.5 | ะกะฟัะตะด: 0.50"}
{"level":30,"time":1757185643781,"pid":4125701,"hostname":"vm-065c2a","msg":"๐ SPOT ะพัะดะตัะฐ ัะฐะทะผะตัะตะฝั: BUY 4279 | SELL 4279.5 | ะกะฟัะตะด: 0.50"}
{"level":30,"time":1757185647891,"pid":4125701,"hostname":"vm-065c2a","msg":"๐ SPOT ะพัะดะตัะฐ ัะฐะทะผะตัะตะฝั: BUY 4279 | SELL 4279.5 | ะกะฟัะตะด: 0.50"}
{"level":30,"time":1757185652143,"pid":4125701,"hostname":"vm-065c2a","msg":"๐ SPOT ะพัะดะตัะฐ ัะฐะทะผะตัะตะฝั: BUY 4279 | SELL 4279.5 | ะกะฟัะตะด: 0.50"}
{"level":30,"time":1757185656303,"pid":4125701,"hostname":"vm-065c2a","msg":"๐ SPOT ะพัะดะตัะฐ ัะฐะทะผะตัะตะฝั: BUY 4279 | SELL 4279.5 | ะกะฟัะตะด: 0.50"}
{"level":30,"time":1757185729093,"pid":4126702,"hostname":"vm-065c2a","msg":"๐ SPOT ะพัะดะตัะฐ: BUY 4276.374 | SELL 4277.766 | ะกะฟัะตะด: 1.39"}
{"level":30,"time":1757185734235,"pid":4126702,"hostname":"vm-065c2a","msg":"๐ SPOT ะพัะดะตัะฐ: BUY 4276.555 | SELL 4277.555 | ะกะฟัะตะด: 1.00"}
{"level":30,"time":1757185737845,"pid":4126702,"hostname":"vm-065c2a","msg":"๐ฐ SPOT ะธัะฟะพะปะฝะตะฝะธะต: SELL 0.0005772234164648659 ETH ะฟะพ 4277.555 | ะะพะทะธัะธั: 0.000000 ETH"}
{"level":30,"time":1757185739217,"pid":4126702,"hostname":"vm-065c2a","msg":"๐ SPOT ะพัะดะตัะฐ: BUY 4276.639999999999 | SELL 4277.639999999999 | ะกะฟัะตะด: 1.00"}
{"level":30,"time":1757185744321,"pid":4126702,"hostname":"vm-065c2a","msg":"๐ SPOT ะพัะดะตัะฐ: BUY 4276.63 | SELL 4277.63 | ะกะฟัะตะด: 1.00"}
{"level":30,"time":1757185824034,"pid":4126702,"hostname":"vm-065c2a","msg":"๐ฐ SPOT ะธัะฟะพะปะฝะตะฝะธะต: SELL 0.0009423541105149613 ETH ะฟะพ 4277.63 | ะะพะทะธัะธั: 0.000000 ETH"}
{"level":30,"time":1757185825384,"pid":4126702,"hostname":"vm-065c2a","msg":"๐ SPOT ะพัะดะตัะฐ: BUY 4277.47 | SELL 4278.47 | ะกะฟัะตะด: 1.00"}
{"level":30,"time":1757185830237,"pid":4126702,"hostname":"vm-065c2a","msg":"๐ SPOT ะพัะดะตัะฐ: BUY 4277.82 | SELL 4278.82 | ะกะฟัะตะด: 1.00"}
{"level":30,"time":1757185835127,"pid":4126702,"hostname":"vm-065c2a","msg":"๐ SPOT ะพัะดะตัะฐ: BUY 4277.98 | SELL 4278.98 | ะกะฟัะตะด: 1.00"}
{"level":30,"time":1757185840248,"pid":4126702,"hostname":"vm-065c2a","msg":"๐ SPOT ะพัะดะตัะฐ: BUY 4277.98 | SELL 4278.98 | ะกะฟัะตะด: 1.00"}
{"level":30,"time":1757185856194,"pid":4126702,"hostname":"vm-065c2a","msg":"๐ SPOT ะพัะดะตัะฐ: BUY 4277.98 | SELL 4278.98 | ะกะฟัะตะด: 1.00"}
{"level":30,"time":1757185861277,"pid":4126702,"hostname":"vm-065c2a","msg":"๐ SPOT ะพัะดะตัะฐ: BUY 4277.98 | SELL 4278.98 | ะกะฟัะตะด: 1.00"}
{"level":30,"time":1757185866426,"pid":4126702,"hostname":"vm-065c2a","msg":"๐ SPOT ะพัะดะตัะฐ: BUY 4277.98 | SELL 4278.98 | ะกะฟัะตะด: 1.00"}
{"level":30,"time":1757185871552,"pid":4126702,"hostname":"vm-065c2a","msg":"๐ SPOT ะพัะดะตัะฐ: BUY 4277.98 | SELL 4278.98 | ะกะฟัะตะด: 1.00"}
{"level":30,"time":1757185875154,"pid":4126702,"hostname":"vm-065c2a","msg":"๐ฐ SPOT ะธัะฟะพะปะฝะตะฝะธะต: BUY 0.0008394878736408776 ETH ะฟะพ 4277.98 | ะะพะทะธัะธั: 0.000839 ETH"}
{"level":30,"time":1757185875557,"pid":4126702,"hostname":"vm-065c2a","msg":"๐ฏ SPOT ะฟะพะทะธัะธั ะทะฐะบัััะฐ: SELL 0.0008394878736408776 ETH | PnL: -0.0005 USDC"}
{"level":30,"time":1757185880457,"pid":4126702,"hostname":"vm-065c2a","msg":"๐ SPOT ะพัะดะตัะฐ: BUY 4276.201 | SELL 4277.789 | ะกะฟัะตะด: 1.59"}
{"level":30,"time":1757185885624,"pid":4126702,"hostname":"vm-065c2a","msg":"๐ SPOT ะพัะดะตัะฐ: BUY 4276.48 | SELL 4277.48 | ะกะฟัะตะด: 1.00"}
{"level":30,"time":1757185890730,"pid":4126702,"hostname":"vm-065c2a","msg":"๐ SPOT ะพัะดะตัะฐ: BUY 4276.48 | SELL 4277.48 | ะกะฟัะตะด: 1.00"}
{"level":30,"time":1757185894327,"pid":4126702,"hostname":"vm-065c2a","msg":"๐ฐ SPOT ะธัะฟะพะปะฝะตะฝะธะต: BUY 0.0005809351631836786 ETH ะฟะพ 4276.48 | ะะพะทะธัะธั: 0.000581 ETH"}
{"level":30,"time":1757185894706,"pid":4126702,"hostname":"vm-065c2a","msg":"๐ฏ SPOT ะฟะพะทะธัะธั ะทะฐะบัััะฐ: SELL 0.0005809351631836786 ETH | PnL: -0.0001 USDC"}
{"level":30,"time":1757185917621,"pid":4126702,"hostname":"vm-065c2a","msg":"๐ SPOT ะพัะดะตัะฐ: BUY 4275.299999999999 | SELL 4276.299999999999 | ะกะฟัะตะด: 1.00"}
{"level":30,"time":1757185922435,"pid":4126702,"hostname":"vm-065c2a","msg":"๐ SPOT ะพัะดะตัะฐ: BUY 4275.455 | SELL 4276.455 | ะกะฟัะตะด: 1.00"}
{"level":30,"time":1757185926431,"pid":4126702,"hostname":"vm-065c2a","msg":"๐ฐ SPOT ะธัะฟะพะปะฝะตะฝะธะต: BUY 0.0005383765185284366 ETH ะฟะพ 4275.455 | ะะพะทะธัะธั: 0.000538 ETH"}
{"level":30,"time":1757185926943,"pid":4126702,"hostname":"vm-065c2a","msg":"๐ฏ SPOT ะฟะพะทะธัะธั ะทะฐะบัััะฐ: SELL 0.0005383765185284366 ETH | PnL: 0.0002 USDC"}
{"level":30,"time":1757185931819,"pid":4126702,"hostname":"vm-065c2a","msg":"๐ SPOT ะพัะดะตัะฐ: BUY 4275.285 | SELL 4276.285 | ะกะฟัะตะด: 1.00"}
{"level":30,"time":1757185936677,"pid":4126702,"hostname":"vm-065c2a","msg":"๐ SPOT ะพัะดะตัะฐ: BUY 4275.445 | SELL 4276.445 | ะกะฟัะตะด: 1.00"}
{"level":30,"time":1757185941520,"pid":4126702,"hostname":"vm-065c2a","msg":"๐ SPOT ะพัะดะตัะฐ: BUY 4275.525 | SELL 4276.525 | ะกะฟัะตะด: 1.00"}
{"level":30,"time":1757185946346,"pid":4126702,"hostname":"vm-065c2a","msg":"๐ SPOT ะพัะดะตัะฐ: BUY 4275.5650000000005 | SELL 4276.5650000000005 | ะกะฟัะตะด: 1.00"}
{"level":30,"time":1757185951139,"pid":4126702,"hostname":"vm-065c2a","msg":"๐ SPOT ะพัะดะตัะฐ: BUY 4275.58 | SELL 4276.58 | ะกะฟัะตะด: 1.00"}
{"level":30,"time":1757185955989,"pid":4126702,"hostname":"vm-065c2a","msg":"๐ SPOT ะพัะดะตัะฐ: BUY 4275.59 | SELL 4276.59 | ะกะฟัะตะด: 1.00"}
{"level":30,"time":1757185960876,"pid":4126702,"hostname":"vm-065c2a","msg":"๐ SPOT ะพัะดะตัะฐ: BUY 4275.595 | SELL 4276.595 | ะกะฟัะตะด: 1.00"}
{"level":30,"time":1757185965707,"pid":4126702,"hostname":"vm-065c2a","msg":"๐ SPOT ะพัะดะตัะฐ: BUY 4275.595 | SELL 4276.595 | ะกะฟัะตะด: 1.00"}
{"level":30,"time":1757185970586,"pid":4126702,"hostname":"vm-065c2a","msg":"๐ SPOT ะพัะดะตัะฐ: BUY 4275.595 | SELL 4276.595 | ะกะฟัะตะด: 1.00"}
{"level":30,"time":1757185975478,"pid":4126702,"hostname":"vm-065c2a","msg":"๐ SPOT ะพัะดะตัะฐ: BUY 4275.595 | SELL 4276.595 | ะกะฟัะตะด: 1.00"}
{"level":30,"time":1757185980395,"pid":4126702,"hostname":"vm-065c2a","msg":"๐ SPOT ะพัะดะตัะฐ: BUY 4275.595 | SELL 4276.595 | ะกะฟัะตะด: 1.00"}
{"level":30,"time":1757185985255,"pid":4126702,"hostname":"vm-065c2a","msg":"๐ SPOT ะพัะดะตัะฐ: BUY 4275.6 | SELL 4276.6 | ะกะฟัะตะด: 1.00"}
{"level":30,"time":1757185990129,"pid":4126702,"hostname":"vm-065c2a","msg":"๐ SPOT ะพัะดะตัะฐ: BUY 4275.605 | SELL 4276.605 | ะกะฟัะตะด: 1.00"}
{"level":30,"time":1757185994938,"pid":4126702,"hostname":"vm-065c2a","msg":"๐ SPOT ะพัะดะตัะฐ: BUY 4275.73 | SELL 4276.73 | ะกะฟัะตะด: 1.00"}
{"level":30,"time":1757185999785,"pid":4126702,"hostname":"vm-065c2a","msg":"๐ SPOT ะพัะดะตัะฐ: BUY 4275.795 | SELL 4276.795 | ะกะฟัะตะด: 1.00"}
{"level":30,"time":1757186004608,"pid":4126702,"hostname":"vm-065c2a","msg":"๐ SPOT ะพัะดะตัะฐ: BUY 4275.825 | SELL 4276.825 | ะกะฟัะตะด: 1.00"}
{"level":30,"time":1757186009475,"pid":4126702,"hostname":"vm-065c2a","msg":"๐ SPOT ะพัะดะตัะฐ: BUY 4275.84 | SELL 4276.84 | ะกะฟัะตะด: 1.00"}
{"level":30,"time":1757186014315,"pid":4126702,"hostname":"vm-065c2a","msg":"๐ SPOT ะพัะดะตัะฐ: BUY 4275.85 | SELL 4276.85 | ะกะฟัะตะด: 1.00"}
{"level":30,"time":1757186019113,"pid":4126702,"hostname":"vm-065c2a","msg":"๐ SPOT ะพัะดะตัะฐ: BUY 4275.855 | SELL 4276.855 | ะกะฟัะตะด: 1.00"}
{"level":30,"time":1757186023942,"pid":4126702,"hostname":"vm-065c2a","msg":"๐ SPOT ะพัะดะตัะฐ: BUY 4275.855 | SELL 4276.855 | ะกะฟัะตะด: 1.00"}
{"level":30,"time":1757186028766,"pid":4126702,"hostname":"vm-065c2a","msg":"๐ SPOT ะพัะดะตัะฐ: BUY 4275.88 | SELL 4276.88 | ะกะฟัะตะด: 1.00"}
{"level":30,"time":1757186033624,"pid":4126702,"hostname":"vm-065c2a","msg":"๐ SPOT ะพัะดะตัะฐ: BUY 4275.895 | SELL 4276.895 | ะกะฟัะตะด: 1.00"}
{"level":30,"time":1757186038495,"pid":4126702,"hostname":"vm-065c2a","msg":"๐ SPOT ะพัะดะตัะฐ: BUY 4275.9 | SELL 4276.9 | ะกะฟัะตะด: 1.00"}
{"level":30,"time":1757186043358,"pid":4126702,"hostname":"vm-065c2a","msg":"๐ SPOT ะพัะดะตัะฐ: BUY 4275.905 | SELL 4276.905 | ะกะฟัะตะด: 1.00"}
{"level":30,"time":1757186048396,"pid":4126702,"hostname":"vm-065c2a","msg":"๐ SPOT ะพัะดะตัะฐ: BUY 4275.905 | SELL 4276.905 | ะกะฟัะตะด: 1.00"}
{"level":30,"time":1757186053303,"pid":4126702,"hostname":"vm-065c2a","msg":"๐ SPOT ะพัะดะตัะฐ: BUY 4275.905 | SELL 4276.905 | ะกะฟัะตะด: 1.00"}
{"level":30,"time":1757186058196,"pid":4126702,"hostname":"vm-065c2a","msg":"๐ SPOT ะพัะดะตัะฐ: BUY 4275.905 | SELL 4276.905 | ะกะฟัะตะด: 1.00"}
{"level":30,"time":1757186063030,"pid":4126702,"hostname":"vm-065c2a","msg":"๐ SPOT ะพัะดะตัะฐ: BUY 4275.905 | SELL 4276.905 | ะกะฟัะตะด: 1.00"}
{"level":30,"time":1757186068015,"pid":4126702,"hostname":"vm-065c2a","msg":"๐ SPOT ะพัะดะตัะฐ: BUY 4275.905 | SELL 4276.905 | ะกะฟัะตะด: 1.00"}
{"level":30,"time":1757186072821,"pid":4126702,"hostname":"vm-065c2a","msg":"๐ SPOT ะพัะดะตัะฐ: BUY 4275.905 | SELL 4276.905 | ะกะฟัะตะด: 1.00"}
{"level":30,"time":1757186077702,"pid":4126702,"hostname":"vm-065c2a","msg":"๐ SPOT ะพัะดะตัะฐ: BUY 4275.905 | SELL 4276.905 | ะกะฟัะตะด: 1.00"}
{"level":30,"time":1757186082571,"pid":4126702,"hostname":"vm-065c2a","msg":"๐ SPOT ะพัะดะตัะฐ: BUY 4275.905 | SELL 4276.905 | ะกะฟัะตะด: 1.00"}
{"level":30,"time":1757186087431,"pid":4126702,"hostname":"vm-065c2a","msg":"๐ SPOT ะพัะดะตัะฐ: BUY 4275.905 | SELL 4276.905 | ะกะฟัะตะด: 1.00"}
{"level":30,"time":1757186092347,"pid":4126702,"hostname":"vm-065c2a","msg":"๐ SPOT ะพัะดะตัะฐ: BUY 4275.905 | SELL 4276.905 | ะกะฟัะตะด: 1.00"}
{"level":30,"time":1757186097175,"pid":4126702,"hostname":"vm-065c2a","msg":"๐ SPOT ะพัะดะตัะฐ: BUY 4275.905 | SELL 4276.905 | ะกะฟัะตะด: 1.00"}
{"level":30,"time":1757186102122,"pid":4126702,"hostname":"vm-065c2a","msg":"๐ SPOT ะพัะดะตัะฐ: BUY 4275.905 | SELL 4276.905 | ะกะฟัะตะด: 1.00"}
{"level":30,"time":1757186106983,"pid":4126702,"hostname":"vm-065c2a","msg":"๐ SPOT ะพัะดะตัะฐ: BUY 4275.905 | SELL 4276.905 | ะกะฟัะตะด: 1.00"}
{"level":30,"time":1757186111885,"pid":4126702,"hostname":"vm-065c2a","msg":"๐ SPOT ะพัะดะตัะฐ: BUY 4275.905 | SELL 4276.905 | ะกะฟัะตะด: 1.00"}
{"level":30,"time":1757186116683,"pid":4126702,"hostname":"vm-065c2a","msg":"๐ SPOT ะพัะดะตัะฐ: BUY 4275.905 | SELL 4276.905 | ะกะฟัะตะด: 1.00"}
{"level":30,"time":1757186121600,"pid":4126702,"hostname":"vm-065c2a","msg":"๐ SPOT ะพัะดะตัะฐ: BUY 4275.905 | SELL 4276.905 | ะกะฟัะตะด: 1.00"}
{"level":30,"time":1757186126486,"pid":4126702,"hostname":"vm-065c2a","msg":"๐ SPOT ะพัะดะตัะฐ: BUY 4275.905 | SELL 4276.905 | ะกะฟัะตะด: 1.00"}
{"level":30,"time":1757186131309,"pid":4126702,"hostname":"vm-065c2a","msg":"๐ SPOT ะพัะดะตัะฐ: BUY 4275.905 | SELL 4276.905 | ะกะฟัะตะด: 1.00"}
{"level":30,"time":1757186136086,"pid":4126702,"hostname":"vm-065c2a","msg":"๐ SPOT ะพัะดะตัะฐ: BUY 4275.905 | SELL 4276.905 | ะกะฟัะตะด: 1.00"}
{"level":30,"time":1757186140918,"pid":4126702,"hostname":"vm-065c2a","msg":"๐ SPOT ะพัะดะตัะฐ: BUY 4275.905 | SELL 4276.905 | ะกะฟัะตะด: 1.00"}
{"level":30,"time":1757186145769,"pid":4126702,"hostname":"vm-065c2a","msg":"๐ SPOT ะพัะดะตัะฐ: BUY 4275.905 | SELL 4276.905 | ะกะฟัะตะด: 1.00"}
{"level":30,"time":1757186150577,"pid":4126702,"hostname":"vm-065c2a","msg":"๐ SPOT ะพัะดะตัะฐ: BUY 4275.905 | SELL 4276.905 | ะกะฟัะตะด: 1.00"}
{"level":30,"time":1757186155406,"pid":4126702,"hostname":"vm-065c2a","msg":"๐ SPOT ะพัะดะตัะฐ: BUY 4275.905 | SELL 4276.905 | ะกะฟัะตะด: 1.00"}
{"level":30,"time":1757186158996,"pid":4126702,"hostname":"vm-065c2a","msg":"๐ฐ SPOT ะธัะฟะพะปะฝะตะฝะธะต: BUY 0.0007513712586728237 ETH ะฟะพ 4275.905 | ะะพะทะธัะธั: 0.000751 ETH"}
{"level":30,"time":1757186159077,"pid":4126702,"hostname":"vm-065c2a","msg":"๐ฐ SPOT ะธัะฟะพะปะฝะตะฝะธะต: BUY 0.00066906559334518 ETH ะฟะพ 4275.905 | ะะพะทะธัะธั: 0.001420 ETH"}
